[2023-06-10 09:04:40] development.ERROR: mysqli_connect(): (HY000/1045): Access denied for user 'collegator_usr'@'localhost' (using password: YES) {"exception":"[object] (ErrorException(code: 0): mysqli_connect(): (HY000/1045): Access denied for user 'collegator_usr'@'localhost' (using password: YES) at /var/www/collegator.com/public_html/app/Http/Controllers/Admin/GlobalSettingController.php:158)
[stacktrace]
#0 [internal function]: Illuminate\\Foundation\\Bootstrap\\HandleExceptions->handleError()
#1 /var/www/collegator.com/public_html/app/Http/Controllers/Admin/GlobalSettingController.php(158): mysqli_connect()
#2 /var/www/collegator.com/public_html/vendor/laravel/framework/src/Illuminate/Routing/Controller.php(54): App\\Http\\Controllers\\Admin\\GlobalSettingController->BackupData()
#3 /var/www/collegator.com/public_html/vendor/laravel/framework/src/Illuminate/Routing/ControllerDispatcher.php(45): Illuminate\\Routing\\Controller->callAction()
#4 /var/www/collegator.com/public_html/vendor/laravel/framework/src/Illuminate/Routing/Route.php(219): Illuminate\\Routing\\ControllerDispatcher->dispatch()
#5 /var/www/collegator.com/public_html/vendor/laravel/framework/src/Illuminate/Routing/Route.php(176): Illuminate\\Routing\\Route->runController()
#6 /var/www/collegator.com/public_html/vendor/laravel/framework/src/Illuminate/Routing/Router.php(681): Illuminate\\Routing\\Route->run()
#7 /var/www/collegator.com/public_html/vendor/laravel/framework/src/Illuminate/Pipeline/Pipeline.php(130): Illuminate\\Routing\\Router->Illuminate\\Routing\\{closure}()
#8 /var/www/collegator.com/public_html/app/Http/Middleware/Localization.php(22): Illuminate\\Pipeline\\Pipeline->Illuminate\\Pipeline\\{closure}()
#9 /var/www/collegator.com/public_html/vendor/laravel/framework/src/Illuminate/Pipeline/Pipeline.php(171): App\\Http\\Middleware\\Localization->handle()
#10 /var/www/collegator.com/public_html/vendor/laravel/framework/src/Illuminate/Routing/Middleware/SubstituteBindings.php(41): Illuminate\\Pipeline\\Pipeline->Illuminate\\Pipeline\\{closure}()
#11 /var/www/collegator.com/public_html/vendor/laravel/framework/src/Illuminate/Pipeline/Pipeline.php(171): Illuminate\\Routing\\Middleware\\SubstituteBindings->handle()
#12 /var/www/collegator.com/public_html/vendor/laravel/framework/src/Illuminate/Foundation/Http/Middleware/VerifyCsrfToken.php(78): Illuminate\\Pipeline\\Pipeline->Illuminate\\Pipeline\\{closure}()
#13 /var/www/collegator.com/public_html/vendor/laravel/framework/src/Illuminate/Pipeline/Pipeline.php(171): Illuminate\\Foundation\\Http\\Middleware\\VerifyCsrfToken->handle()
#14 /var/www/collegator.com/public_html/vendor/laravel/framework/src/Illuminate/View/Middleware/ShareErrorsFromSession.php(49): Illuminate\\Pipeline\\Pipeline->Illuminate\\Pipeline\\{closure}()
#15 /var/www/collegator.com/public_html/vendor/laravel/framework/src/Illuminate/Pipeline/Pipeline.php(171): Illuminate\\View\\Middleware\\ShareErrorsFromSession->handle()
#16 /var/www/collegator.com/public_html/vendor/laravel/framework/src/Illuminate/Session/Middleware/StartSession.php(56): Illuminate\\Pipeline\\Pipeline->Illuminate\\Pipeline\\{closure}()
#17 /var/www/collegator.com/public_html/vendor/laravel/framework/src/Illuminate/Pipeline/Pipeline.php(171): Illuminate\\Session\\Middleware\\StartSession->handle()
#18 /var/www/collegator.com/public_html/vendor/laravel/framework/src/Illuminate/Cookie/Middleware/AddQueuedCookiesToResponse.php(37): Illuminate\\Pipeline\\Pipeline->Illuminate\\Pipeline\\{closure}()
#19 /var/www/collegator.com/public_html/vendor/laravel/framework/src/Illuminate/Pipeline/Pipeline.php(171): Illuminate\\Cookie\\Middleware\\AddQueuedCookiesToResponse->handle()
#20 /var/www/collegator.com/public_html/vendor/laravel/framework/src/Illuminate/Cookie/Middleware/EncryptCookies.php(67): Illuminate\\Pipeline\\Pipeline->Illuminate\\Pipeline\\{closure}()
#21 /var/www/collegator.com/public_html/vendor/laravel/framework/src/Illuminate/Pipeline/Pipeline.php(171): Illuminate\\Cookie\\Middleware\\EncryptCookies->handle()
#22 /var/www/collegator.com/public_html/vendor/laravel/framework/src/Illuminate/Pipeline/Pipeline.php(105): Illuminate\\Pipeline\\Pipeline->Illuminate\\Pipeline\\{closure}()
#23 /var/www/collegator.com/public_html/vendor/laravel/framework/src/Illuminate/Routing/Router.php(683): Illuminate\\Pipeline\\Pipeline->then()
#24 /var/www/collegator.com/public_html/vendor/laravel/framework/src/Illuminate/Routing/Router.php(658): Illuminate\\Routing\\Router->runRouteWithinStack()
#25 /var/www/collegator.com/public_html/vendor/laravel/framework/src/Illuminate/Routing/Router.php(624): Illuminate\\Routing\\Router->runRoute()
#26 /var/www/collegator.com/public_html/vendor/laravel/framework/src/Illuminate/Routing/Router.php(613): Illuminate\\Routing\\Router->dispatchToRoute()
#27 /var/www/collegator.com/public_html/vendor/laravel/framework/src/Illuminate/Foundation/Http/Kernel.php(170): Illuminate\\Routing\\Router->dispatch()
#28 /var/www/collegator.com/public_html/vendor/laravel/framework/src/Illuminate/Pipeline/Pipeline.php(130): Illuminate\\Foundation\\Http\\Kernel->Illuminate\\Foundation\\Http\\{closure}()
#29 /var/www/collegator.com/public_html/vendor/laravel/framework/src/Illuminate/Foundation/Http/Middleware/TransformsRequest.php(21): Illuminate\\Pipeline\\Pipeline->Illuminate\\Pipeline\\{closure}()
#30 /var/www/collegator.com/public_html/vendor/laravel/framework/src/Illuminate/Pipeline/Pipeline.php(171): Illuminate\\Foundation\\Http\\Middleware\\TransformsRequest->handle()
#31 /var/www/collegator.com/public_html/vendor/laravel/framework/src/Illuminate/Foundation/Http/Middleware/TransformsRequest.php(21): Illuminate\\Pipeline\\Pipeline->Illuminate\\Pipeline\\{closure}()
#32 /var/www/collegator.com/public_html/vendor/laravel/framework/src/Illuminate/Pipeline/Pipeline.php(171): Illuminate\\Foundation\\Http\\Middleware\\TransformsRequest->handle()
#33 /var/www/collegator.com/public_html/vendor/laravel/framework/src/Illuminate/Foundation/Http/Middleware/ValidatePostSize.php(27): Illuminate\\Pipeline\\Pipeline->Illuminate\\Pipeline\\{closure}()
#34 /var/www/collegator.com/public_html/vendor/laravel/framework/src/Illuminate/Pipeline/Pipeline.php(171): Illuminate\\Foundation\\Http\\Middleware\\ValidatePostSize->handle()
#35 /var/www/collegator.com/public_html/vendor/laravel/framework/src/Illuminate/Foundation/Http/Middleware/CheckForMaintenanceMode.php(63): Illuminate\\Pipeline\\Pipeline->Illuminate\\Pipeline\\{closure}()
#36 /var/www/collegator.com/public_html/vendor/laravel/framework/src/Illuminate/Pipeline/Pipeline.php(171): Illuminate\\Foundation\\Http\\Middleware\\CheckForMaintenanceMode->handle()
#37 /var/www/collegator.com/public_html/vendor/fideloper/proxy/src/TrustProxies.php(57): Illuminate\\Pipeline\\Pipeline->Illuminate\\Pipeline\\{closure}()
#38 /var/www/collegator.com/public_html/vendor/laravel/framework/src/Illuminate/Pipeline/Pipeline.php(171): Fideloper\\Proxy\\TrustProxies->handle()
#39 /var/www/collegator.com/public_html/vendor/laravel/framework/src/Illuminate/Pipeline/Pipeline.php(105): Illuminate\\Pipeline\\Pipeline->Illuminate\\Pipeline\\{closure}()
#40 /var/www/collegator.com/public_html/vendor/laravel/framework/src/Illuminate/Foundation/Http/Kernel.php(145): Illuminate\\Pipeline\\Pipeline->then()
#41 /var/www/collegator.com/public_html/vendor/laravel/framework/src/Illuminate/Foundation/Http/Kernel.php(110): Illuminate\\Foundation\\Http\\Kernel->sendRequestThroughRouter()
#42 /var/www/collegator.com/public_html/public/index.php(55): Illuminate\\Foundation\\Http\\Kernel->handle()
#43 /var/www/collegator.com/public_html/index.php(22): require_once('/var/www/colleg...')
#44 {main}
"} 
[2023-06-10 14:48:17] development.ERROR: SQLSTATE[HY000] [2002] No such file or directory {"exception":"[object] (Doctrine\\DBAL\\Driver\\PDO\\Exception(code: 2002): SQLSTATE[HY000] [2002] No such file or directory at /var/www/collegator.com/public_html/vendor/doctrine/dbal/lib/Doctrine/DBAL/Driver/PDO/Exception.php:18)
[stacktrace]
#0 /var/www/collegator.com/public_html/vendor/doctrine/dbal/lib/Doctrine/DBAL/Driver/PDOConnection.php(44): Doctrine\\DBAL\\Driver\\PDO\\Exception::new()
#1 /var/www/collegator.com/public_html/vendor/laravel/framework/src/Illuminate/Database/Connectors/Connector.php(67): Doctrine\\DBAL\\Driver\\PDOConnection->__construct()
#2 /var/www/collegator.com/public_html/vendor/laravel/framework/src/Illuminate/Database/Connectors/Connector.php(46): Illuminate\\Database\\Connectors\\Connector->createPdoConnection()
#3 /var/www/collegator.com/public_html/vendor/laravel/framework/src/Illuminate/Database/Connectors/MySqlConnector.php(24): Illuminate\\Database\\Connectors\\Connector->createConnection()
#4 /var/www/collegator.com/public_html/vendor/laravel/framework/src/Illuminate/Database/Connectors/ConnectionFactory.php(182): Illuminate\\Database\\Connectors\\MySqlConnector->connect()
#5 [internal function]: Illuminate\\Database\\Connectors\\ConnectionFactory->Illuminate\\Database\\Connectors\\{closure}()
#6 /var/www/collegator.com/public_html/vendor/laravel/framework/src/Illuminate/Database/Connection.php(924): call_user_func()
#7 /var/www/collegator.com/public_html/vendor/laravel/framework/src/Illuminate/Database/Concerns/ManagesTransactions.php(133): Illuminate\\Database\\Connection->getPdo()
#8 /var/www/collegator.com/public_html/vendor/laravel/framework/src/Illuminate/Database/Concerns/ManagesTransactions.php(115): Illuminate\\Database\\Connection->createTransaction()
#9 /var/www/collegator.com/public_html/vendor/laravel/framework/src/Illuminate/Database/Concerns/ManagesTransactions.php(23): Illuminate\\Database\\Connection->beginTransaction()
#10 /var/www/collegator.com/public_html/vendor/laravel/framework/src/Illuminate/Queue/DatabaseQueue.php(203): Illuminate\\Database\\Connection->transaction()
#11 /var/www/collegator.com/public_html/vendor/laravel/framework/src/Illuminate/Queue/Worker.php(284): Illuminate\\Queue\\DatabaseQueue->pop()
#12 /var/www/collegator.com/public_html/vendor/laravel/framework/src/Illuminate/Queue/Worker.php(260): Illuminate\\Queue\\Worker->getNextJob()
#13 /var/www/collegator.com/public_html/vendor/laravel/framework/src/Illuminate/Queue/Console/WorkCommand.php(112): Illuminate\\Queue\\Worker->runNextJob()
#14 /var/www/collegator.com/public_html/vendor/laravel/framework/src/Illuminate/Queue/Console/WorkCommand.php(96): Illuminate\\Queue\\Console\\WorkCommand->runWorker()
#15 /var/www/collegator.com/public_html/vendor/laravel/framework/src/Illuminate/Container/BoundMethod.php(36): Illuminate\\Queue\\Console\\WorkCommand->handle()
#16 /var/www/collegator.com/public_html/vendor/laravel/framework/src/Illuminate/Container/Util.php(37): Illuminate\\Container\\BoundMethod::Illuminate\\Container\\{closure}()
#17 /var/www/collegator.com/public_html/vendor/laravel/framework/src/Illuminate/Container/BoundMethod.php(93): Illuminate\\Container\\Util::unwrapIfClosure()
#18 /var/www/collegator.com/public_html/vendor/laravel/framework/src/Illuminate/Container/BoundMethod.php(37): Illuminate\\Container\\BoundMethod::callBoundMethod()
#19 /var/www/collegator.com/public_html/vendor/laravel/framework/src/Illuminate/Container/Container.php(590): Illuminate\\Container\\BoundMethod::call()
#20 /var/www/collegator.com/public_html/vendor/laravel/framework/src/Illuminate/Console/Command.php(134): Illuminate\\Container\\Container->call()
#21 /var/www/collegator.com/public_html/vendor/symfony/console/Command/Command.php(255): Illuminate\\Console\\Command->execute()
#22 /var/www/collegator.com/public_html/vendor/laravel/framework/src/Illuminate/Console/Command.php(121): Symfony\\Component\\Console\\Command\\Command->run()
#23 /var/www/collegator.com/public_html/vendor/symfony/console/Application.php(1009): Illuminate\\Console\\Command->run()
#24 /var/www/collegator.com/public_html/vendor/symfony/console/Application.php(273): Symfony\\Component\\Console\\Application->doRunCommand()
#25 /var/www/collegator.com/public_html/vendor/symfony/console/Application.php(149): Symfony\\Component\\Console\\Application->doRun()
#26 /var/www/collegator.com/public_html/vendor/laravel/framework/src/Illuminate/Console/Application.php(93): Symfony\\Component\\Console\\Application->run()
#27 /var/www/collegator.com/public_html/vendor/laravel/framework/src/Illuminate/Foundation/Console/Kernel.php(131): Illuminate\\Console\\Application->run()
#28 /var/www/collegator.com/public_html/artisan(37): Illuminate\\Foundation\\Console\\Kernel->handle()
#29 {main}

[previous exception] [object] (PDOException(code: 2002): SQLSTATE[HY000] [2002] No such file or directory at /var/www/collegator.com/public_html/vendor/doctrine/dbal/lib/Doctrine/DBAL/Driver/PDOConnection.php:40)
[stacktrace]
#0 /var/www/collegator.com/public_html/vendor/doctrine/dbal/lib/Doctrine/DBAL/Driver/PDOConnection.php(40): PDO->__construct()
#1 /var/www/collegator.com/public_html/vendor/laravel/framework/src/Illuminate/Database/Connectors/Connector.php(67): Doctrine\\DBAL\\Driver\\PDOConnection->__construct()
#2 /var/www/collegator.com/public_html/vendor/laravel/framework/src/Illuminate/Database/Connectors/Connector.php(46): Illuminate\\Database\\Connectors\\Connector->createPdoConnection()
#3 /var/www/collegator.com/public_html/vendor/laravel/framework/src/Illuminate/Database/Connectors/MySqlConnector.php(24): Illuminate\\Database\\Connectors\\Connector->createConnection()
#4 /var/www/collegator.com/public_html/vendor/laravel/framework/src/Illuminate/Database/Connectors/ConnectionFactory.php(182): Illuminate\\Database\\Connectors\\MySqlConnector->connect()
#5 [internal function]: Illuminate\\Database\\Connectors\\ConnectionFactory->Illuminate\\Database\\Connectors\\{closure}()
#6 /var/www/collegator.com/public_html/vendor/laravel/framework/src/Illuminate/Database/Connection.php(924): call_user_func()
#7 /var/www/collegator.com/public_html/vendor/laravel/framework/src/Illuminate/Database/Concerns/ManagesTransactions.php(133): Illuminate\\Database\\Connection->getPdo()
#8 /var/www/collegator.com/public_html/vendor/laravel/framework/src/Illuminate/Database/Concerns/ManagesTransactions.php(115): Illuminate\\Database\\Connection->createTransaction()
#9 /var/www/collegator.com/public_html/vendor/laravel/framework/src/Illuminate/Database/Concerns/ManagesTransactions.php(23): Illuminate\\Database\\Connection->beginTransaction()
#10 /var/www/collegator.com/public_html/vendor/laravel/framework/src/Illuminate/Queue/DatabaseQueue.php(203): Illuminate\\Database\\Connection->transaction()
#11 /var/www/collegator.com/public_html/vendor/laravel/framework/src/Illuminate/Queue/Worker.php(284): Illuminate\\Queue\\DatabaseQueue->pop()
#12 /var/www/collegator.com/public_html/vendor/laravel/framework/src/Illuminate/Queue/Worker.php(260): Illuminate\\Queue\\Worker->getNextJob()
#13 /var/www/collegator.com/public_html/vendor/laravel/framework/src/Illuminate/Queue/Console/WorkCommand.php(112): Illuminate\\Queue\\Worker->runNextJob()
#14 /var/www/collegator.com/public_html/vendor/laravel/framework/src/Illuminate/Queue/Console/WorkCommand.php(96): Illuminate\\Queue\\Console\\WorkCommand->runWorker()
#15 /var/www/collegator.com/public_html/vendor/laravel/framework/src/Illuminate/Container/BoundMethod.php(36): Illuminate\\Queue\\Console\\WorkCommand->handle()
#16 /var/www/collegator.com/public_html/vendor/laravel/framework/src/Illuminate/Container/Util.php(37): Illuminate\\Container\\BoundMethod::Illuminate\\Container\\{closure}()
#17 /var/www/collegator.com/public_html/vendor/laravel/framework/src/Illuminate/Container/BoundMethod.php(93): Illuminate\\Container\\Util::unwrapIfClosure()
#18 /var/www/collegator.com/public_html/vendor/laravel/framework/src/Illuminate/Container/BoundMethod.php(37): Illuminate\\Container\\BoundMethod::callBoundMethod()
#19 /var/www/collegator.com/public_html/vendor/laravel/framework/src/Illuminate/Container/Container.php(590): Illuminate\\Container\\BoundMethod::call()
#20 /var/www/collegator.com/public_html/vendor/laravel/framework/src/Illuminate/Console/Command.php(134): Illuminate\\Container\\Container->call()
#21 /var/www/collegator.com/public_html/vendor/symfony/console/Command/Command.php(255): Illuminate\\Console\\Command->execute()
#22 /var/www/collegator.com/public_html/vendor/laravel/framework/src/Illuminate/Console/Command.php(121): Symfony\\Component\\Console\\Command\\Command->run()
#23 /var/www/collegator.com/public_html/vendor/symfony/console/Application.php(1009): Illuminate\\Console\\Command->run()
#24 /var/www/collegator.com/public_html/vendor/symfony/console/Application.php(273): Symfony\\Component\\Console\\Application->doRunCommand()
#25 /var/www/collegator.com/public_html/vendor/symfony/console/Application.php(149): Symfony\\Component\\Console\\Application->doRun()
#26 /var/www/collegator.com/public_html/vendor/laravel/framework/src/Illuminate/Console/Application.php(93): Symfony\\Component\\Console\\Application->run()
#27 /var/www/collegator.com/public_html/vendor/laravel/framework/src/Illuminate/Foundation/Console/Kernel.php(131): Illuminate\\Console\\Application->run()
#28 /var/www/collegator.com/public_html/artisan(37): Illuminate\\Foundation\\Console\\Kernel->handle()
#29 {main}
"} 
